/BATCH  
/COM,ANSYS RELEASE 15.0    UP20131014       12:18:32    02/19/2015
/input,menust,tmp,''
/COM,ANSYS RELEASE 15.0    UP20131014       12:18:35    02/19/2015
/GRA,POWER
/GST,ON
/PLO,INFO,3
/GRO,CURL,ON
/CPLANE,1   
/REPLOT,RESIZE  
WPSTYLE,,,,,,,,0
/REPLOT,RESIZE  
/PREP7  
!*  
LPLOT   
VPLOT   
/USER,  1   
/FOC,   1,  -42.9439004376    ,  -34.8978399477    ,   39.5798601110
/REPLO  
/VIEW,  1, -0.342265145930    , -0.133831187260E-01,  0.939508095769
/ANG,   1,  -55.0721381884  
/REPLO  
/VIEW,  1, -0.832468783188    , -0.454342640782    ,  0.317125353424
/ANG,   1,  -41.0690752889  
/REPLO  
/DIST,1,0.924021086472,1
/REP,FAST   
/DIST,1,0.924021086472,1
/REP,FAST   
/DIST,1,0.924021086472,1
/REP,FAST   
/DIST,1,0.924021086472,1
/REP,FAST   
/DIST,1,0.924021086472,1
/REP,FAST   
/DIST,1,0.924021086472,1
/REP,FAST   
/DIST,1,0.924021086472,1
/REP,FAST   
/DIST,1,0.924021086472,1
/REP,FAST   
/VIEW,  1, -0.656687011108    , -0.323150771027    ,  0.681421858049
/DIST,  1,   78.5239477421  
/ANG,   1,  -50.9141752914  
/REPLO  
/DIST,1,0.924021086472,1
/REP,FAST   
/DIST,1,0.924021086472,1
/REP,FAST   
/DIST,1,0.924021086472,1
/REP,FAST   
/DIST,1,0.924021086472,1
/REP,FAST   
/DIST,1,0.924021086472,1
/REP,FAST   
/VIEW,  1, -0.511882528812    , -0.298736951178    ,  0.805439327757
/ANG,   1,  -54.3639733825  
/REPLO  
/DIST,1,1.08222638492,1 
/REP,FAST   
/DIST,1,1.08222638492,1 
/REP,FAST   
/DIST,1,1.08222638492,1 
/REP,FAST   
/DIST,1,1.08222638492,1 
/REP,FAST   
/DIST,1,1.08222638492,1 
/REP,FAST   
/DIST,1,1.08222638492,1 
/REP,FAST   
/DIST,1,1.08222638492,1 
/REP,FAST   
/VIEW,  1,  0.804418375555E-01, -0.420650300331E-01,  0.995871298923
/ANG,   1,  -59.3478087699  
/REPLO  
/VIEW,  1, -0.348635264574    , -0.458929930307    ,  0.817212806657
/ANG,   1,  -51.5283228137  
/REPLO  
/VIEW,  1, -0.521108042988    , -0.423107125167    ,  0.741233275134
/ANG,   1,  -45.8916479397  
/REPLO  
/VIEW,  1, -0.792277608194    , -0.479620450500    ,  0.377174250205
/ANG,   1,  -30.8084778967  
/REPLO  
/FOC,   1,  -32.9326177276    ,  -32.6135856246    ,   63.5138646276
/REPLO  
/VIEW,  1, -0.517889901707    , -0.525257822801    ,  0.675199429278
/ANG,   1,  -43.6139607069  
/REPLO  
/DIST,1,1.08222638492,1 
/REP,FAST   
/DIST,1,1.08222638492,1 
/REP,FAST   
/DIST,1,1.08222638492,1 
/REP,FAST   
/VIEW,  1, -0.474537936525    , -0.311484776397    ,  0.823280620974
/ANG,   1,  -45.9165793291  
/REPLO  
/VIEW,  1, -0.651497820372    , -0.433185645251    ,  0.622816816407
/ANG,   1,  -39.5350053233  
/REPLO  
NPLOT   
FINISH  
/POST1  
!*  
/EFACET,1   
PLNSOL, TG,X, 0 
/VIEW,  1, -0.215372881271    , -0.197798650452    ,  0.956289817938
/ANG,   1,  -49.8832143700  
/REPLO  
/VIEW,  1, -0.322479358102    , -0.249335449424    ,  0.913147795956
/ANG,   1,  -48.3522026131  
/REPLO  
!*  
/EFACET,1   
PLNSOL, TF,SUM, 0   
!*  
/EFACET,1   
PLNSOL, TEMP,, 0
/VIEW,  1, -0.488623445220    , -0.237477679797    ,  0.839554334382
/ANG,   1,  -45.6466018397  
/REPLO  
/DIST,1,0.924021086472,1
/REP,FAST   
/DIST,1,0.924021086472,1
/REP,FAST   
/DIST,1,0.924021086472,1
/REP,FAST   
/DIST,1,0.924021086472,1
/REP,FAST   
/DIST,1,0.924021086472,1
/REP,FAST   
/DIST,1,0.924021086472,1
/REP,FAST   
/VIEW,  1,  0.629573103879    ,  0.518002832843    ,  0.579060249057
/ANG,   1,  -14.5292904784  
/REPLO  
/VIEW,  1,  0.281106003926    ,  0.418347321598    ,  0.863692614921
/ANG,   1,  -28.4497918785  
/REPLO  
/FOC,   1,  -3.01091734443    ,  -14.0736651746    ,   44.7950572545
/REPLO  
/FOC,   1,   8.60400124286    ,   11.3528704497    ,   28.6988834702
/REPLO  
/VIEW,  1,  0.161118868183    ,  0.577478180635    ,  0.800349711817
/ANG,   1,  -31.8027225683  
/REPLO  
/DIST,1,1.08222638492,1 
/REP,FAST   
/DIST,1,1.08222638492,1 
/REP,FAST   
/DIST,1,1.08222638492,1 
/REP,FAST   
/DIST,1,1.08222638492,1 
/REP,FAST   
/DIST,1,1.08222638492,1 
/REP,FAST   
/VIEW,  1,  0.586530916830    ,  0.674057790592    ,  0.449029596514
/ANG,   1,  -3.72707893852  
/REPLO  
/VIEW,  1, -0.273998507061    ,  0.699475786787    ,  0.660044272626
/ANG,   1,  -51.9178764289  
/REPLO  
/VIEW,  1, -0.197581206780    ,  0.384147358914    ,  0.901882738146
/ANG,   1,  -46.1355758502  
/REPLO  
/VIEW,  1, -0.971240075984E-01,  0.186103978490    ,  0.977717871545
/ANG,   1,  -44.3374867239  
/REPLO  
/VIEW,  1,  0.277924741418E-01, -0.331158709741E-01,  0.999065021643
/ANG,   1,  -44.1217908858  
/REPLO  
FINISH  
! /EXIT,NOSAV   
